<?xml version="1.0" encoding="UTF-8"?>
<testng-results ignored="0" total="1" passed="1" failed="0" skipped="0">
  <reporter-output>
  </reporter-output>
  <suite started-at="2024-10-24T17:46:39 CEST" name="Default suite" finished-at="2024-10-24T17:46:54 CEST" duration-ms="14580">
    <groups>
    </groups>
    <test started-at="2024-10-24T17:46:39 CEST" name="Default test" finished-at="2024-10-24T17:46:54 CEST" duration-ms="14580">
      <class name="com.test.Test">
        <test-method is-config="true" signature="configuration()[pri:0, instance:com.test.Test@5e316c74]" started-at="2024-10-24T17:46:36 CEST" name="configuration" finished-at="2024-10-24T17:46:39 CEST" duration-ms="3561" status="PASS">
          <reporter-output>
          </reporter-output>
        </test-method> <!-- configuration -->
        <test-method signature="loginTest()[pri:0, instance:com.test.Test@5e316c74]" started-at="2024-10-24T17:46:39 CEST" name="loginTest" finished-at="2024-10-24T17:46:54 CEST" duration-ms="14515" status="PASS">
          <reporter-output>
          </reporter-output>
        </test-method> <!-- loginTest -->
        <test-method is-config="true" signature="tearDown()[pri:0, instance:com.test.Test@5e316c74]" started-at="2024-10-24T17:46:55 CEST" name="tearDown" finished-at="2024-10-24T17:46:55 CEST" duration-ms="255" status="PASS">
          <reporter-output>
          </reporter-output>
        </test-method> <!-- tearDown -->
      </class> <!-- com.test.Test -->
    </test> <!-- Default test -->
  </suite> <!-- Default suite -->
</testng-results>
